<?xml version="1.0" encoding="utf-8" standalone="no"?>
<!--This file represents the results of running a test suite-->
<test-results name="D:\Backup_Eric\Workspace.hg\Pyxis\Persistance\Main\Pyxis.Persistance.Tests\bin\debug\Pyxis.Persistance.Tests.dll" total="35" errors="0" failures="0" not-run="0" inconclusive="0" ignored="0" skipped="0" invalid="0" date="2016-02-25" time="11:10:28">
  <environment nunit-version="2.6.4.14350" clr-version="2.0.50727.8670" os-version="Microsoft Windows NT 6.2.9200.0" platform="Win32NT" cwd="D:\Backup_Eric\Workspace.hg\Pyxis\Persistance\Main" machine-name="ERIC-DELL-M4700" user="decar" user-domain="ERIC-DELL-M4700" />
  <culture-info current-culture="en-US" current-uiculture="en-US" />
  <test-suite type="Assembly" name="D:\Backup_Eric\Workspace.hg\Pyxis\Persistance\Main\Pyxis.Persistance.Tests\bin\debug\Pyxis.Persistance.Tests.dll" executed="True" result="Success" success="True" time="1.776" asserts="0">
    <results>
      <test-suite type="Namespace" name="Pyxis" executed="True" result="Success" success="True" time="1.760" asserts="0">
        <results>
          <test-suite type="Namespace" name="Persistance" executed="True" result="Success" success="True" time="1.760" asserts="0">
            <results>
              <test-suite type="Namespace" name="Tests" executed="True" result="Success" success="True" time="1.759" asserts="0">
                <results>
                  <test-suite type="TestFixture" name="FilePersistanceTests" executed="True" result="Success" success="True" time="1.543" asserts="0">
                    <results>
                      <test-case name="Pyxis.Persistance.Tests.FilePersistanceTests.BasePersistanceTests.TesIdCanBeAutoGenerated" executed="True" result="Success" success="True" time="0.615" asserts="4" />
                      <test-case name="Pyxis.Persistance.Tests.FilePersistanceTests.BasePersistanceTests.TesIdIsNotcaseSensitive" executed="True" result="Success" success="True" time="0.008" asserts="2" />
                      <test-case name="Pyxis.Persistance.Tests.FilePersistanceTests.BasePersistanceTests.TestAllObjectsCanBeRetrievedAtOnce" executed="True" result="Success" success="True" time="0.037" asserts="5" />
                      <test-case name="Pyxis.Persistance.Tests.FilePersistanceTests.BasePersistanceTests.TestContextCanBePurged" executed="True" result="Success" success="True" time="0.041" asserts="8" />
                      <test-case name="Pyxis.Persistance.Tests.FilePersistanceTests.BasePersistanceTests.TestContextNameIsNotCaseSensitive" executed="True" result="Success" success="True" time="0.007" asserts="2" />
                      <test-case name="Pyxis.Persistance.Tests.FilePersistanceTests.BasePersistanceTests.TestDifferentObjectTypeCanBeStored" executed="True" result="Success" success="True" time="0.008" asserts="6" />
                      <test-case name="Pyxis.Persistance.Tests.FilePersistanceTests.BasePersistanceTests.TestLimitedObjectsSetCanBeRetrieved" executed="True" result="Success" success="True" time="0.014" asserts="2" />
                      <test-case name="Pyxis.Persistance.Tests.FilePersistanceTests.BasePersistanceTests.TestNonExistingObjectReturnsNull" executed="True" result="Success" success="True" time="0.006" asserts="1" />
                      <test-case name="Pyxis.Persistance.Tests.FilePersistanceTests.BasePersistanceTests.TestNonExistingObjectTypeReturnsNullOnGet" executed="True" result="Success" success="True" time="0.005" asserts="1" />
                      <test-case name="Pyxis.Persistance.Tests.FilePersistanceTests.BasePersistanceTests.TestNonSerializeObjectCanBeStored" executed="True" result="Success" success="True" time="0.709" asserts="3" />
                      <test-case name="Pyxis.Persistance.Tests.FilePersistanceTests.BasePersistanceTests.TestObjectCanBeStored" executed="True" result="Success" success="True" time="0.004" asserts="3" />
                      <test-case name="Pyxis.Persistance.Tests.FilePersistanceTests.BasePersistanceTests.TestObjectCanBeStoredAsBatch" executed="True" result="Success" success="True" time="0.008" asserts="6" />
                      <test-case name="Pyxis.Persistance.Tests.FilePersistanceTests.BasePersistanceTests.TestObjectsCanBeDeleted" executed="True" result="Success" success="True" time="0.008" asserts="2" />
                      <test-case name="Pyxis.Persistance.Tests.FilePersistanceTests.BasePersistanceTests.TestObjectsCanBeStoredInDifferentContexts" executed="True" result="Success" success="True" time="0.011" asserts="5" />
                      <test-case name="Pyxis.Persistance.Tests.FilePersistanceTests.BasePersistanceTests.TestObjectsExistanceCanBeVerified" executed="True" result="Success" success="True" time="0.007" asserts="2" />
                      <test-case name="Pyxis.Persistance.Tests.FilePersistanceTests.BasePersistanceTests.TestSavingAnExistingObjectReplacesIt" executed="True" result="Success" success="True" time="0.010" asserts="1" />
                    </results>
                  </test-suite>
                  <test-suite type="TestFixture" name="MemoryPersistanceTests" executed="True" result="Success" success="True" time="0.181" asserts="0">
                    <results>
                      <test-case name="Pyxis.Persistance.Tests.MemoryPersistanceTests.BasePersistanceTests.TesIdCanBeAutoGenerated" executed="True" result="Success" success="True" time="0.011" asserts="4" />
                      <test-case name="Pyxis.Persistance.Tests.MemoryPersistanceTests.BasePersistanceTests.TesIdIsNotcaseSensitive" executed="True" result="Success" success="True" time="0.000" asserts="2" />
                      <test-case name="Pyxis.Persistance.Tests.MemoryPersistanceTests.BasePersistanceTests.TestAllObjectsCanBeRetrievedAtOnce" executed="True" result="Success" success="True" time="0.011" asserts="5" />
                      <test-case name="Pyxis.Persistance.Tests.MemoryPersistanceTests.BasePersistanceTests.TestContextCanBePurged" executed="True" result="Success" success="True" time="0.004" asserts="8" />
                      <test-case name="Pyxis.Persistance.Tests.MemoryPersistanceTests.BasePersistanceTests.TestContextNameIsNotCaseSensitive" executed="True" result="Success" success="True" time="0.001" asserts="2" />
                      <test-case name="Pyxis.Persistance.Tests.MemoryPersistanceTests.BasePersistanceTests.TestDifferentObjectTypeCanBeStored" executed="True" result="Success" success="True" time="0.000" asserts="6" />
                      <test-case name="Pyxis.Persistance.Tests.MemoryPersistanceTests.BasePersistanceTests.TestLimitedObjectsSetCanBeRetrieved" executed="True" result="Success" success="True" time="0.001" asserts="2" />
                      <test-case name="Pyxis.Persistance.Tests.MemoryPersistanceTests.BasePersistanceTests.TestNonExistingObjectReturnsNull" executed="True" result="Success" success="True" time="0.000" asserts="1" />
                      <test-case name="Pyxis.Persistance.Tests.MemoryPersistanceTests.BasePersistanceTests.TestNonExistingObjectTypeReturnsNullOnGet" executed="True" result="Success" success="True" time="0.000" asserts="1" />
                      <test-case name="Pyxis.Persistance.Tests.MemoryPersistanceTests.BasePersistanceTests.TestNonSerializeObjectCanBeStored" executed="True" result="Success" success="True" time="0.001" asserts="3" />
                      <test-case name="Pyxis.Persistance.Tests.MemoryPersistanceTests.BasePersistanceTests.TestObjectCanBeStored" executed="True" result="Success" success="True" time="0.000" asserts="3" />
                      <test-case name="Pyxis.Persistance.Tests.MemoryPersistanceTests.BasePersistanceTests.TestObjectCanBeStoredAsBatch" executed="True" result="Success" success="True" time="0.000" asserts="6" />
                      <test-case name="Pyxis.Persistance.Tests.MemoryPersistanceTests.BasePersistanceTests.TestObjectsCanBeDeleted" executed="True" result="Success" success="True" time="0.004" asserts="2" />
                      <test-case name="Pyxis.Persistance.Tests.MemoryPersistanceTests.BasePersistanceTests.TestObjectsCanBeStoredInDifferentContexts" executed="True" result="Success" success="True" time="0.001" asserts="5" />
                      <test-case name="Pyxis.Persistance.Tests.MemoryPersistanceTests.BasePersistanceTests.TestObjectsExistanceCanBeVerified" executed="True" result="Success" success="True" time="0.002" asserts="2" />
                      <test-case name="Pyxis.Persistance.Tests.MemoryPersistanceTests.BasePersistanceTests.TestSavingAnExistingObjectReplacesIt" executed="True" result="Success" success="True" time="0.001" asserts="1" />
                      <test-case name="Pyxis.Persistance.Tests.MemoryPersistanceTests.UpdateToLiveObjectShouldNotAffectPersisted" executed="True" result="Success" success="True" time="0.118" asserts="0" />
                    </results>
                  </test-suite>
                  <test-suite type="TestFixture" name="QueryElementTests" executed="True" result="Success" success="True" time="0.011" asserts="0">
                    <results>
                      <test-case name="Pyxis.Persistance.Tests.QueryElementTests.TestElementIsBuiltCorrectly" executed="True" result="Success" success="True" time="0.007" asserts="3" />
                      <test-case name="Pyxis.Persistance.Tests.QueryElementTests.TestFieldEqualsBuildAProperElement" executed="True" result="Success" success="True" time="0.001" asserts="3" />
                    </results>
                  </test-suite>
                </results>
              </test-suite>
            </results>
          </test-suite>
        </results>
      </test-suite>
    </results>
  </test-suite>
</test-results>